This is pdfTeXk, Version 3.141592-1.40.3 (Web2C 7.5.6) (format=pdflatex 2007.5.18)  25 MAY 2010 21:39
entering extended mode
\write18 enabled.
 %&-line parsing enabled.
**Mireot.tex
(./Mireot.tex
LaTeX2e <2005/12/01>
Babel <v3.8h> and hyphenation patterns for english, usenglishmax, dumylang, noh
yphenation, arabic, basque, bulgarian, coptic, welsh, czech, slovak, german, ng
erman, danish, esperanto, spanish, catalan, galician, estonian, farsi, finnish,
 french, greek, monogreek, ancientgreek, croatian, hungarian, interlingua, ibyc
us, indonesian, icelandic, italian, latin, mongolian, dutch, norsk, polish, por
tuguese, pinyin, romanian, russian, slovenian, uppersorbian, serbian, swedish, 
turkish, ukenglish, ukrainian, loaded.
(./ao2e.cls
Document Class: ao2e 2006/04/26 v1.0, IOS Press
(/usr/local/texlive/2007/texmf-dist/tex/latex/base/fleqn.clo
File: fleqn.clo 1998/08/17 v1.1c Standard LaTeX option (flush left equations)
\mathindent=\dimen102
)
Eleven point
\c@section=\count79
\c@subsection=\count80
\c@subsubsection=\count81
\c@paragraph=\count82
\c@subparagraph=\count83
\c@figure=\count84
\c@table=\count85
\abovecaptionskip=\skip41
\belowcaptionskip=\skip42
\tablewidth=\dimen103
\saved@tablewidth=\dimen104
\c@algorithm=\count86
\t@glob@notes=\toks14
\t@loc@notes=\toks15
\note@cnt=\count87
\c@author=\count88
\n@author=\count89
\c@address=\count90
\sv@mathsurround=\dimen105
\sv@hyphenpenalty=\count91
\prev@elem=\count92
\cur@elem=\count93
\fm@box=\box26
\fm@size=\dimen106
\t@abstract=\box27
\t@keywords=\box28
\a@title@skip=\dimen107
\b@section@skip=\skip43
\b@pretitle@skip=\skip44
\t@xtheight=\dimen108
\@@topskip=\dimen109
\b@author@skip=\dimen110
\dp@t@keywords=\dimen111
\@pubyear=\count94
\@copyear=\count95
) (/usr/local/texlive/2007/texmf-dist/tex/latex/base/fontenc.sty
Package: fontenc 2005/09/27 v1.99g Standard LaTeX package

(/usr/local/texlive/2007/texmf-dist/tex/latex/base/t1enc.def
File: t1enc.def 2005/09/27 v1.99g Standard LaTeX file
LaTeX Font Info:    Redeclaring font encoding T1 on input line 43.
))
(/usr/local/texlive/2007/texmf-dist/tex/latex/psnfss/times.sty
Package: times 2005/04/12 PSNFSS-v9.2a (SPQR) 
)
(/usr/local/texlive/2007/texmf-dist/tex/latex/natbib/natbib.sty
Package: natbib 2007/02/05 8.0 (PWD)
\bibhang=\skip45
\bibsep=\skip46
LaTeX Info: Redefining \cite on input line 602.
\c@NAT@ctr=\count96
)
(/usr/local/texlive/2007/texmf-dist/tex/latex/moreverb/moreverb.sty
Package: moreverb 1997/12/07 v2.2d.2 `more' verbatim facilities

(/usr/local/texlive/2007/texmf-dist/tex/latex/tools/verbatim.sty
Package: verbatim 2003/08/22 v1.5q LaTeX2e package for verbatim enhancements
\every@verbatim=\toks16
\verbatim@line=\toks17
\verbatim@in@stream=\read1
)
\verbatim@out=\write3
\tab@position=\count97
\tab@size=\count98
\listing@line=\count99
)
(/usr/local/texlive/2007/texmf-dist/tex/latex/acronym/acronym.sty
Package: acronym 2006/06/26 v1.26 Support for acronyms (Tobias Oetiker)

(/usr/local/texlive/2007/texmf-dist/tex/latex/bigfoot/suffix.sty
Package: suffix 2006/07/15 1.5 Variant command support
)
\clearlist=\toks18
)
(/usr/local/texlive/2007/texmf-dist/tex/latex/ltxmisc/url.sty
\Urlmuskip=\muskip10
Package: url 2005/06/27  ver 3.2  Verb mode for urls, etc.
)
(/usr/local/texlive/2007/texmf-dist/tex/latex/graphics/graphicx.sty
Package: graphicx 1999/02/16 v1.0f Enhanced LaTeX Graphics (DPC,SPQR)

(/usr/local/texlive/2007/texmf-dist/tex/latex/graphics/keyval.sty
Package: keyval 1999/03/16 v1.13 key=value parser (DPC)
\KV@toks@=\toks19
)
(/usr/local/texlive/2007/texmf-dist/tex/latex/graphics/graphics.sty
Package: graphics 2006/02/20 v1.0o Standard LaTeX Graphics (DPC,SPQR)

(/usr/local/texlive/2007/texmf-dist/tex/latex/graphics/trig.sty
Package: trig 1999/03/16 v1.09 sin cos tan (DPC)
)
(/usr/local/texlive/2007/texmf/tex/latex/config/graphics.cfg
File: graphics.cfg 2007/01/18 v1.5 graphics configuration of teTeX/TeXLive
)
Package graphics Info: Driver file: pdftex.def on input line 90.

(/usr/local/texlive/2007/texmf-dist/tex/latex/pdftex-def/pdftex.def
File: pdftex.def 2007/01/08 v0.04d Graphics/color for pdfTeX
\Gread@gobject=\count100
))
\Gin@req@height=\dimen112
\Gin@req@width=\dimen113
)

LaTeX Warning: Unused global option(s):
    [jou].

(./Mireot.aux)
\openout1 = `Mireot.aux'.

LaTeX Font Info:    Checking defaults for OML/cmm/m/it on input line 38.
LaTeX Font Info:    ... okay on input line 38.
LaTeX Font Info:    Checking defaults for T1/cmr/m/n on input line 38.
LaTeX Font Info:    ... okay on input line 38.
LaTeX Font Info:    Checking defaults for OT1/cmr/m/n on input line 38.
LaTeX Font Info:    ... okay on input line 38.
LaTeX Font Info:    Checking defaults for OMS/cmsy/m/n on input line 38.
LaTeX Font Info:    ... okay on input line 38.
LaTeX Font Info:    Checking defaults for OMX/cmex/m/n on input line 38.
LaTeX Font Info:    ... okay on input line 38.
LaTeX Font Info:    Checking defaults for U/cmr/m/n on input line 38.
LaTeX Font Info:    ... okay on input line 38.
LaTeX Font Info:    Try loading font information for T1+ptm on input line 38.
 (/usr/local/texlive/2007/texmf-dist/tex/latex/psnfss/t1ptm.fd
File: t1ptm.fd 2001/06/04 font definitions for T1/ptm.
)
(/usr/local/texlive/2007/texmf-dist/tex/context/base/supp-pdf.tex
[Loading MPS to PDF converter (version 2006.09.02).]
\scratchcounter=\count101
\scratchdimen=\dimen114
\scratchbox=\box29
\nofMPsegments=\count102
\nofMParguments=\count103
\MPscratchCnt=\count104
\MPscratchDim=\dimen115
\MPnumerator=\count105
\everyMPtoPDFconversion=\toks20
)
\c@sv@footnote=\count106
LaTeX Font Info:    External font `cmex10' loaded for size
(Font)              <24.88> on input line 42.
LaTeX Font Info:    External font `cmex10' loaded for size
(Font)              <20.74> on input line 42.
LaTeX Font Info:    External font `cmex10' loaded for size
(Font)              <17.28> on input line 42.
LaTeX Font Info:    External font `cmex10' loaded for size
(Font)              <10.95> on input line 47.
LaTeX Font Info:    External font `cmex10' loaded for size
(Font)              <8> on input line 47.
LaTeX Font Info:    External font `cmex10' loaded for size
(Font)              <6> on input line 47.
\c@sv@footnote=\count107
LaTeX Font Info:    External font `cmex10' loaded for size
(Font)              <9> on input line 90.
LaTeX Font Info:    External font `cmex10' loaded for size
(Font)              <5> on input line 90.
LaTeX Font Info:    Try loading font information for OMS+ptm on input line 109.

 (/usr/local/texlive/2007/texmf-dist/tex/latex/psnfss/omsptm.fd
File: omsptm.fd 
)
LaTeX Font Info:    Font shape `OMS/ptm/m/n' in size <9> not available
(Font)              Font shape `OMS/cmsy/m/n' tried instead on input line 109.
 [1{/usr/local/texlive/2007/texmf-var/fonts/map/pdftex/updmap/pdftex.map}] [2]
LaTeX Font Info:    Try loading font information for T1+pcr on input line 159.

(/usr/local/texlive/2007/texmf-dist/tex/latex/psnfss/t1pcr.fd
File: t1pcr.fd 2001/06/04 font definitions for T1/pcr.
)
No file ./figs/sparql.txt.
[3] <./figs/mechanism2.pdf, id=19, 772.8875pt x 529.98pt>
File: ./figs/mechanism2.pdf Graphic file (type pdf)

<use ./figs/mechanism2.pdf> [4 <./figs/mechanism2.pdf>]
<./figs/protege.png, id=92, 724.7075pt x 310.15875pt>
File: ./figs/protege.png Graphic file (type png)
 <use ./figs/protege.png>
No file ./figs/sparql2.txt.
[5] [6 <./figs/protege.png>] [7]
Underfull \hbox (badness 10000) in paragraph at lines 369--370
[]\T1/ptm/m/n/9 SPARQL Query Lan-guage for RDF. Re-trieved De-cem-ber 2, 2009, 
from $\T1/pcr/m/n/9 http : / / www . w3 . org / TR /
 []


Underfull \hbox (badness 10000) in paragraph at lines 371--372
[]\T1/ptm/m/n/9 RDF/XML Syn-tax Spec-i-fi-ca-tion. Re-trieved De-cem-ber 2, 200
9, from $\T1/pcr/m/n/9 http : / / www . w3 . org / TR /
 []


Underfull \hbox (badness 3623) in paragraph at lines 379--380
[]\T1/ptm/m/n/9 The In-for-ma-tion Ar-ti-fact On-tol-ogy (IAO). Re-trieved De-c
em-ber 2, 2009, from $\T1/pcr/m/n/9 http : / / code . google . com / p /
 []

[8] [9] (./Mireot.aux) ) 
Here is how much of TeX's memory you used:
 2045 strings out of 94073
 24295 string characters out of 1162984
 76435 words of memory out of 1500000
 5319 multiletter control sequences out of 10000+50000
 35878 words of font info for 57 fonts, out of 1200000 for 2000
 645 hyphenation exceptions out of 8191
 26i,10n,25p,837b,334s stack positions out of 5000i,500n,6000p,200000b,5000s
{/usr/local/texlive/2007/texmf-dist/fonts/enc/dvips/bas
e/8r.enc}</usr/local/texlive/2007/texmf-dist/fonts/type1/bluesky/cm/cmmi10.pfb>
</usr/local/texlive/2007/texmf-dist/fonts/type1/bluesky/cm/cmmi8.pfb></usr/loca
l/texlive/2007/texmf-dist/fonts/type1/bluesky/cm/cmr8.pfb></usr/local/texlive/2
007/texmf-dist/fonts/type1/bluesky/cm/cmsy8.pfb></usr/local/texlive/2007/texmf-
dist/fonts/type1/bluesky/cm/cmsy9.pfb></usr/local/texlive/2007/texmf-dist/fonts
/type1/urw/courier/ucrr8a.pfb></usr/local/texlive/2007/texmf-dist/fonts/type1/u
rw/times/utmb8a.pfb></usr/local/texlive/2007/texmf-dist/fonts/type1/urw/times/u
tmr8a.pfb></usr/local/texlive/2007/texmf-dist/fonts/type1/urw/times/utmri8a.pfb
>
Output written on Mireot.pdf (9 pages, 423565 bytes).
PDF statistics:
 140 PDF objects out of 1000 (max. 8388607)
 0 named destinations out of 1000 (max. 131072)
 11 words of extra memory for PDF output out of 10000 (max. 10000000)

