This is pdfTeXk, Version 3.141592-1.40.3 (Web2C 7.5.6) (format=pdflatex 2009.2.11)  4 MAR 2009 10:19
entering extended mode
 %&-line parsing enabled.
**mireot.tex
(./mireot.tex
LaTeX2e <2005/12/01>
Babel <v3.8h> and hyphenation patterns for english, usenglishmax, dumylang, noh
yphenation, loaded.
(./elsart3p.cls (/usr/share/texmf-texlive/tex/latex/preprint/balance.sty
Package: balance 1999/02/23 4.3 (PWD)
\oldvsize=\dimen102
)
(./elsart.cls
Document Class: elsart 2006/05/01, 2.19: Elsevier
\@frontmatterwidth=\dimen103
\@bls=\dimen104
\eqntopsep=\skip41
\eqnarraycolsep=\dimen105
\labelwidthi=\dimen106
\labelwidthii=\dimen107
\labelwidthiii=\dimen108
\labelwidthiv=\dimen109
\@maxlistdepth=\count79
\eqnbaselineskip=\skip42
\eqnlineskip=\skip43
\mathindent=\dimen110
\rulepreskip=\dimen111
\rulepostskip=\dimen112
\c@section=\count80
\c@subsection=\count81
\c@subsubsection=\count82
\c@paragraph=\count83
\c@subparagraph=\count84
(/usr/share/texmf-texlive/tex/latex/base/latexsym.sty
Package: latexsym 1998/08/17 v2.2e Standard LaTeX package (lasy symbols)
\symlasy=\mathgroup4
LaTeX Font Info:    Overwriting symbol font `lasy' in version `bold'
(Font)                  U/lasy/m/n --> U/lasy/b/n on input line 47.
)
\c@thm=\count85
\c@alg=\count86
\c@algorithm=\count87
\c@note=\count88
\c@summ=\count89
\c@case=\count90
\@tempcntc=\count91
\c@figure=\count92
\c@table=\count93
\t@glob@notes=\toks14
\t@loc@notes=\toks15
\note@cnt=\count94
\corauth@text=\toks16
\email@text=\toks17
\url@text=\toks18
\c@corauth=\count95
\c@author=\count96
\n@author=\count97
\c@collab=\count98
\n@collab=\count99
\c@address=\count100
\sv@mathsurround=\dimen113
\sv@hyphenpenalty=\count101
\prev@elem=\count102
\cur@elem=\count103
\fm@box=\box26
\fm@size=\dimen114
\t@abstract=\box27
\t@keyword=\box28
\t@xtheight=\dimen115
\@logoheight=\dimen116
\@pubyear=\count104
\c@firstpage=\count105
\c@lastpage=\count106
\slashbox=\box29
LaTeX Font Info:    External font `cmex10' loaded for size
(Font)              <12> on input line 1404.
LaTeX Font Info:    External font `cmex10' loaded for size
(Font)              <8> on input line 1404.
LaTeX Font Info:    External font `cmex10' loaded for size
(Font)              <6> on input line 1404.
LaTeX Font Info:    Try loading font information for U+lasy on input line 1404.


(/usr/share/texmf-texlive/tex/latex/base/ulasy.fd
File: ulasy.fd 1998/08/17 v2.2e LaTeX symbol font definitions
)
\Slashbox=\box30
LaTeX Font Info:    External font `cmex10' loaded for size
(Font)              <14.4> on input line 1405.
LaTeX Font Info:    External font `cmex10' loaded for size
(Font)              <7> on input line 1405.
)
\Arrayrulewidth=\dimen117
\crulepostskip=\dimen118
\@Ldec=\dimen119
\@Rdec=\dimen120
\@Lpmdec=\dimen121
\@Rpmdec=\dimen122
)
(/usr/share/texmf-texlive/tex/latex/graphics/graphicx.sty
Package: graphicx 1999/02/16 v1.0f Enhanced LaTeX Graphics (DPC,SPQR)

(/usr/share/texmf-texlive/tex/latex/graphics/keyval.sty
Package: keyval 1999/03/16 v1.13 key=value parser (DPC)
\KV@toks@=\toks19
)
(/usr/share/texmf-texlive/tex/latex/graphics/graphics.sty
Package: graphics 2006/02/20 v1.0o Standard LaTeX Graphics (DPC,SPQR)

(/usr/share/texmf-texlive/tex/latex/graphics/trig.sty
Package: trig 1999/03/16 v1.09 sin cos tan (DPC)
)
(/etc/texmf/tex/latex/config/graphics.cfg
File: graphics.cfg 2007/01/18 v1.5 graphics configuration of teTeX/TeXLive
)
Package graphics Info: Driver file: pdftex.def on input line 90.

(/usr/share/texmf-texlive/tex/latex/pdftex-def/pdftex.def
File: pdftex.def 2007/01/08 v0.04d Graphics/color for pdfTeX
\Gread@gobject=\count107
))
\Gin@req@height=\dimen123
\Gin@req@width=\dimen124
)
(/usr/share/texmf-texlive/tex/latex/amsfonts/amssymb.sty
Package: amssymb 2002/01/22 v2.2d

(/usr/share/texmf-texlive/tex/latex/amsfonts/amsfonts.sty
Package: amsfonts 2001/10/25 v2.2f
\@emptytoks=\toks20
\symAMSa=\mathgroup5
\symAMSb=\mathgroup6
LaTeX Font Info:    Overwriting math alphabet `\mathfrak' in version `bold'
(Font)                  U/euf/m/n --> U/euf/b/n on input line 132.
))
(/usr/share/texmf-texlive/tex/latex/moreverb/moreverb.sty
Package: moreverb 1997/12/07 v2.2d.2 `more' verbatim facilities

(/usr/share/texmf-texlive/tex/latex/tools/verbatim.sty
Package: verbatim 2003/08/22 v1.5q LaTeX2e package for verbatim enhancements
\every@verbatim=\toks21
\verbatim@line=\toks22
\verbatim@in@stream=\read1
)
\verbatim@out=\write3
\tab@position=\count108
\tab@size=\count109
\listing@line=\count110
)
(/usr/share/texmf-texlive/tex/latex/ltxmisc/url.sty
\Urlmuskip=\muskip10
Package: url 2005/06/27  ver 3.2  Verb mode for urls, etc.
) (./mireot.aux)
\openout1 = `mireot.aux'.

LaTeX Font Info:    Checking defaults for OML/cmm/m/it on input line 36.
LaTeX Font Info:    ... okay on input line 36.
LaTeX Font Info:    Checking defaults for T1/cmr/m/n on input line 36.
LaTeX Font Info:    ... okay on input line 36.
LaTeX Font Info:    Checking defaults for OT1/cmr/m/n on input line 36.
LaTeX Font Info:    ... okay on input line 36.
LaTeX Font Info:    Checking defaults for OMS/cmsy/m/n on input line 36.
LaTeX Font Info:    ... okay on input line 36.
LaTeX Font Info:    Checking defaults for OMX/cmex/m/n on input line 36.
LaTeX Font Info:    ... okay on input line 36.
LaTeX Font Info:    Checking defaults for U/cmr/m/n on input line 36.
LaTeX Font Info:    ... okay on input line 36.
LaTeX Font Info:    Try loading font information for U+msa on input line 40.

(/usr/share/texmf-texlive/tex/latex/amsfonts/umsa.fd
File: umsa.fd 2002/01/19 v2.2g AMS font definitions
)
LaTeX Font Info:    Try loading font information for U+msb on input line 40.

(/usr/share/texmf-texlive/tex/latex/amsfonts/umsb.fd
File: umsb.fd 2002/01/19 v2.2g AMS font definitions
)
\c@sv@footnote=\count111


LaTeX Warning: Reference `*****' on page 1 undefined on input line 114.


Overfull \vbox (0.3944pt too high) has occurred while \output is active []


Underfull \hbox (badness 10000) has occurred while \output is active
 
 []

[1{/var/lib/texmf/fonts/map/pdftex/updmap/pdftex.map}

]

LaTeX Warning: Characters dropped after `\end{verbatimtab}' on input line 216.


Overfull \hbox (5.40659pt too wide) in paragraph at lines 218--219
\OT1/cmr/m/n/10 as sub-class of the class ma-te-rial en-tity (IAO:0000018),
 []

File: ./figs/sparql.txt  (verbatim)

Overfull \hbox (15.35352pt too wide) in paragraph at lines 227--227
[]\OT1/cmtt/m/n/8 prefix tax: <http://purl.org/obo/owl/NCBITaxon#NCBITaxon>[] 
 []


Overfull \hbox (23.85364pt too wide) in paragraph at lines 227--227
[]\OT1/cmtt/m/n/8 prefix obo: <http://www.geneontology.org/formats/oboInOwl#>[]
 
 []


Overfull \vbox (1.08333pt too high) has occurred while \output is active []


[2]
Overfull \hbox (7.54405pt too wide) in paragraph at lines 250--251
[]\OT1/cmr/m/n/10 The two files, \OT1/cmr/m/it/10 ex-ter-nal.owl \OT1/cmr/m/n/1
0 and \OT1/cmr/m/it/10 ex-ter-nalDerived.owl\OT1/cmr/m/n/10 ,
 []

<./figs/cell.png, id=21, 841.1425pt x 296.10625pt>
File: ./figs/cell.png Graphic file (type png)
 <use ./figs/cell.png>

LaTeX Warning: Characters dropped after `\end{verbatimtab}' on input line 288.


Overfull \vbox (0.10353pt too high) has occurred while \output is active []


[3 <./figs/cell.png>] (./mireot.bbl [4]
Underfull \hbox (badness 7522) in paragraph at lines 62--64
[]\OT1/cmr/m/n/8 The Prot^^Seg^^Se On-tol-ogy Ed-i-tor and Knowl-edge
 []

)
Overfull \vbox (1.98611pt too high) has occurred while \output is active []


[5] (./mireot.aux)

LaTeX Warning: There were undefined references.

 ) 
Here is how much of TeX's memory you used:
 1653 strings out of 95086
 18860 string characters out of 1183255
 77818 words of memory out of 1500000
 4816 multiletter control sequences out of 10000+50000
 14400 words of font info for 60 fonts, out of 1200000 for 2000
 28 hyphenation exceptions out of 8191
 31i,7n,24p,779b,264s stack positions out of 5000i,500n,6000p,200000b,5000s
</usr/share/texmf-texlive/fonts/type1/bluesky/cm/cmbx10.pfb></usr/share/texmf
-texlive/fonts/type1/bluesky/cm/cmbx12.pfb></usr/share/texmf-texlive/fonts/type
1/bluesky/cm/cmmi10.pfb></usr/share/texmf-texlive/fonts/type1/bluesky/cm/cmmi8.
pfb></usr/share/texmf-texlive/fonts/type1/bluesky/cm/cmr10.pfb></usr/share/texm
f-texlive/fonts/type1/bluesky/cm/cmr12.pfb></usr/share/texmf-texlive/fonts/type
1/bluesky/cm/cmr6.pfb></usr/share/texmf-texlive/fonts/type1/bluesky/cm/cmr8.pfb
></usr/share/texmf-texlive/fonts/type1/bluesky/cm/cmsy10.pfb></usr/share/texmf-
texlive/fonts/type1/bluesky/cm/cmsy8.pfb></usr/share/texmf-texlive/fonts/type1/
bluesky/cm/cmti10.pfb></usr/share/texmf-texlive/fonts/type1/bluesky/cm/cmti8.pf
b></usr/share/texmf-texlive/fonts/type1/bluesky/cm/cmtt10.pfb></usr/share/texmf
-texlive/fonts/type1/bluesky/cm/cmtt8.pfb>
Output written on mireot.pdf (5 pages, 154722 bytes).
PDF statistics:
 78 PDF objects out of 1000 (max. 8388607)
 0 named destinations out of 1000 (max. 131072)
 12 words of extra memory for PDF output out of 10000 (max. 10000000)

